Arguments: 
  C:\Program Files\nodejs\node.exe C:\Users\allen\AppData\Roaming\npm\node_modules\yarn\bin\yarn.js install

PATH: 
  C:\Perl64\site\bin;C:\Perl64\bin;C:\Program Files (x86)\Intel\Intel(R) Management Engine Components\iCLS\;C:\Program Files\Intel\Intel(R) Management Engine Components\iCLS\;C:\Windows\System32;C:\Windows\system32;C:\Windows;C:\Windows\System32\Wbem;C:\Windows\System32\WindowsPowerShell\v1.0\;C:\Windows\System32\OpenSSH\;C:\Program Files (x86)\Intel\Intel(R) Management Engine Components\DAL;C:\Program Files\Intel\Intel(R) Management Engine Components\DAL;C:\Program Files (x86)\Intel\Intel(R) Management Engine Components\IPT;C:\Program Files\Intel\Intel(R) Management Engine Components\IPT;C:\Program Files (x86)\NVIDIA Corporation\PhysX\Common;C:\WINDOWS\system32;C:\WINDOWS\System32;C:\WINDOWS;C:\WINDOWS\System32\Wbem;C:\WINDOWS\System32\WindowsPowerShell\v1.0\;C:\WINDOWS\System32\OpenSSH\;C:\Users\allen\AppData\Local\Programs\Python\Python37;C:\Users\allen\AppData\Local\Programs\Python\Python37\Scripts;C:\Program Files\Git\cmd;C:\Program Files\PuTTY\;C:\Program Files\nodejs\;C:\Program Files\Intel\WiFi\bin\;C:\Program Files\Common Files\Intel\WirelessCommon\;C:\Program Files\MiKTeX 2.9\miktex\bin\x64\;C:\Users\allen\Desktop;C:\Program Files\Mongodb\Server\4.0\bin;C:\Program Files\Java\jdk-13\bin;C:\Users\allen\.cargo\bin;C:\Users\allen\AppData\Local\Microsoft\WindowsApps;;C:\software\Quartus\modelsim_ase\win32aloem;C:\Users\allen\AppData\Roaming\npm;C:\Users\allen\AppData\Local\Programs\Microsoft VS Code\bin;C:\Program Files\Docker Toolbox;C:\Program Files\JetBrains\CLion 2019.2.5\bin;

Yarn version: 
  1.21.0

Node version: 
  10.15.3

Platform: 
  win32 x64

Trace: 
  Error: ENOENT: no such file or directory, copyfile 'C:\Users\allen\AppData\Local\Yarn\Cache\v6\npm-ms-2.0.0-5608aeadfc00be6c2901df5f9861788de0d597c8-integrity\node_modules\ms\license.md' -> 'C:\Users\allen\Downloads\Personal_Projects\Rambot\packager-test\node_modules\extract-zip\node_modules\ms\license.md'

npm manifest: 
  {
    "name": "packager-test",
    "version": "1.0.0",
    "description": "",
    "main": "index.js",
    "scripts": {
      "e-start": "electron .",
      "e-build": "electron-builder --dir",
      "start": "react-scripts start",
      "build": "react-scripts build",
      "test": "react-scripts test",
      "eject": "react-scripts eject"
    },
    "author": "",
    "license": "ISC",
    "devDependencies": {
      "electron": "^7.1.3"
    },
    "dependencies": {
      "react": "^16.12.0",
      "react-dom": "^16.12.0",
      "react-script": "^2.0.5"
    }
  }

yarn manifest: 
  No manifest

Lockfile: 
  No lockfile
